Determining if the pthread_create exist failed with the following output:
Change Dir: /home/lj/catkin_ws/src/cmake-build-debug/CMakeFiles/CMakeTmp

Run Build Command(s):/usr/bin/make cmTC_6fa90/fast 
/usr/bin/make -f CMakeFiles/cmTC_6fa90.dir/build.make CMakeFiles/cmTC_6fa90.dir/build
make[1]: Entering directory '/home/lj/catkin_ws/src/cmake-build-debug/CMakeFiles/CMakeTmp'
Building C object CMakeFiles/cmTC_6fa90.dir/CheckSymbolExists.c.o
/usr/bin/cc    -o CMakeFiles/cmTC_6fa90.dir/CheckSymbolExists.c.o   -c /home/lj/catkin_ws/src/cmake-build-debug/CMakeFiles/CMakeTmp/CheckSymbolExists.c
Linking C executable cmTC_6fa90
/home/lj/download/clion-2019.1.3/bin/cmake/linux/bin/cmake -E cmake_link_script CMakeFiles/cmTC_6fa90.dir/link.txt --verbose=1
/usr/bin/cc      -rdynamic CMakeFiles/cmTC_6fa90.dir/CheckSymbolExists.c.o  -o cmTC_6fa90 
CMakeFiles/cmTC_6fa90.dir/CheckSymbolExists.c.o: In function `main':
CheckSymbolExists.c:(.text+0x16): undefined reference to `pthread_create'
collect2: error: ld returned 1 exit status
CMakeFiles/cmTC_6fa90.dir/build.make:86: recipe for target 'cmTC_6fa90' failed
make[1]: *** [cmTC_6fa90] Error 1
make[1]: Leaving directory '/home/lj/catkin_ws/src/cmake-build-debug/CMakeFiles/CMakeTmp'
Makefile:121: recipe for target 'cmTC_6fa90/fast' failed
make: *** [cmTC_6fa90/fast] Error 2

File /home/lj/catkin_ws/src/cmake-build-debug/CMakeFiles/CMakeTmp/CheckSymbolExists.c:
/* */
#include <pthread.h>

int main(int argc, char** argv)
{
  (void)argv;
#ifndef pthread_create
  return ((int*)(&pthread_create))[argc];
#else
  (void)argc;
  return 0;
#endif
}

Determining if the function pthread_create exists in the pthreads failed with the following output:
Change Dir: /home/lj/catkin_ws/src/cmake-build-debug/CMakeFiles/CMakeTmp

Run Build Command(s):/usr/bin/make cmTC_dd46c/fast 
/usr/bin/make -f CMakeFiles/cmTC_dd46c.dir/build.make CMakeFiles/cmTC_dd46c.dir/build
make[1]: Entering directory '/home/lj/catkin_ws/src/cmake-build-debug/CMakeFiles/CMakeTmp'
Building C object CMakeFiles/cmTC_dd46c.dir/CheckFunctionExists.c.o
/usr/bin/cc   -DCHECK_FUNCTION_EXISTS=pthread_create   -o CMakeFiles/cmTC_dd46c.dir/CheckFunctionExists.c.o   -c /home/lj/download/clion-2019.1.3/bin/cmake/linux/share/cmake-3.14/Modules/CheckFunctionExists.c
Linking C executable cmTC_dd46c
/home/lj/download/clion-2019.1.3/bin/cmake/linux/bin/cmake -E cmake_link_script CMakeFiles/cmTC_dd46c.dir/link.txt --verbose=1
/usr/bin/cc  -DCHECK_FUNCTION_EXISTS=pthread_create    -rdynamic CMakeFiles/cmTC_dd46c.dir/CheckFunctionExists.c.o  -o cmTC_dd46c -lpthreads 
/usr/bin/ld: cannot find -lpthreads
collect2: error: ld returned 1 exit status
CMakeFiles/cmTC_dd46c.dir/build.make:86: recipe for target 'cmTC_dd46c' failed
make[1]: *** [cmTC_dd46c] Error 1
make[1]: Leaving directory '/home/lj/catkin_ws/src/cmake-build-debug/CMakeFiles/CMakeTmp'
Makefile:121: recipe for target 'cmTC_dd46c/fast' failed
make: *** [cmTC_dd46c/fast] Error 2


